#
# There is insufficient memory for the Java Runtime Environment to continue.
# Native memory allocation (malloc) failed to allocate 1048576 bytes for AllocateHeap
# Possible reasons:
#   The system is out of physical RAM or swap space
#   In 32 bit mode, the process size limit was hit
# Possible solutions:
#   Reduce memory load on the system
#   Increase physical memory or swap space
#   Check if swap backing store is full
#   Use 64 bit Java on a 64 bit OS
#   Decrease Java heap size (-Xmx/-Xms)
#   Decrease number of Java threads
#   Decrease Java thread stack sizes (-Xss)
#   Set larger code cache with -XX:ReservedCodeCacheSize=
# This output file may be truncated or incomplete.
#
#  Out of Memory Error (memory/allocation.inline.hpp:61), pid=19092, tid=0x0000000000003820
#
# JRE version:  (8.0_152-b16) (build )
# Java VM: Java HotSpot(TM) 64-Bit Server VM (25.152-b16 mixed mode windows-amd64 compressed oops)
# Failed to write core dump. Minidumps are not enabled by default on client versions of Windows
#

---------------  T H R E A D  ---------------

Current thread (0x0000000002402800):  JavaThread "Unknown thread" [_thread_in_vm, id=14368, stack(0x0000000002250000,0x0000000002350000)]

Stack: [0x0000000002250000,0x0000000002350000]
[error occurred during error reporting (printing stack bounds), id 0xc0000005]

Native frames: (J=compiled Java code, j=interpreted, Vv=VM code, C=native code)


---------------  P R O C E S S  ---------------

Java Threads: ( => current thread )

Other Threads:

=>0x0000000002402800 (exited) JavaThread "Unknown thread" [_thread_in_vm, id=14368, stack(0x0000000002250000,0x0000000002350000)]

VM state:not at safepoint (normal execution)

VM Mutex/Monitor currently owned by a thread: None

Heap:
 PSYoungGen      total 76288K, used 1310K [0x00000000eab00000, 0x00000000f0000000, 0x0000000100000000)
  eden space 65536K, 2% used [0x00000000eab00000,0x00000000eac47af0,0x00000000eeb00000)
  from space 10752K, 0% used [0x00000000ef580000,0x00000000ef580000,0x00000000f0000000)
  to   space 10752K, 0% used [0x00000000eeb00000,0x00000000eeb00000,0x00000000ef580000)
 ParOldGen       total 175104K, used 0K [0x00000000c0000000, 0x00000000cab00000, 0x00000000eab00000)
  object space 175104K, 0% used [0x00000000c0000000,0x00000000c0000000,0x00000000cab00000)
 Metaspace       used 770K, capacity 4480K, committed 4480K, reserved 1056768K
  class space    used 75K, capacity 384K, committed 384K, reserved 1048576K

Card table byte_map: [0x00000000118c0000,0x0000000011ad0000] byte_map_base: 0x00000000112c0000

Marking Bits: (ParMarkBitMap*) 0x000000006b3e0860
 Begin Bits: [0x0000000012430000, 0x0000000013430000)
 End Bits:   [0x0000000013430000, 0x0000000014430000)

Polling page: 0x0000000000a00000

CodeCache: size=245760Kb used=328Kb max_used=328Kb free=245431Kb
 bounds [0x0000000002500000, 0x0000000002770000, 0x0000000011500000]
 total_blobs=58 nmethods=0 adapters=38
 compilation: enabled

Compilation events (0 events):
No events

GC Heap History (0 events):
No events

Deoptimization events (0 events):
No events

Classes redefined (0 events):
No events

Internal exceptions (0 events):
No events

Events (10 events):
Event: 0.043 loading class java/lang/Short
Event: 0.043 loading class java/lang/Short done
Event: 0.043 loading class java/lang/Integer
Event: 0.043 loading class java/lang/Integer done
Event: 0.043 loading class java/lang/Long
Event: 0.043 loading class java/lang/Long done
Event: 0.044 loading class java/lang/NullPointerException
Event: 0.044 loading class java/lang/NullPointerException done
Event: 0.044 loading class java/lang/ArithmeticException
Event: 0.044 loading class java/lang/ArithmeticException done


Dynamic libraries:
0x00007ff70ac40000 - 0x00007ff70ac77000 	C:\Program Files\Java\jdk1.8.0_152\bin\java.exe
0x00007ffd296a0000 - 0x00007ffd29881000 	C:\WINDOWS\SYSTEM32\ntdll.dll
0x00007ffd0d980000 - 0x00007ffd0d9b4000 	C:\Program Files\AVG\Antivirus\x64\aswhooka.dll
0x00007ffd28e10000 - 0x00007ffd28ec2000 	C:\WINDOWS\System32\KERNEL32.DLL
0x00007ffd25e50000 - 0x00007ffd260c3000 	C:\WINDOWS\System32\KERNELBASE.dll
0x00007ffd28ed0000 - 0x00007ffd28f71000 	C:\WINDOWS\System32\ADVAPI32.dll
0x00007ffd28f80000 - 0x00007ffd2901e000 	C:\WINDOWS\System32\msvcrt.dll
0x00007ffd26b50000 - 0x00007ffd26bab000 	C:\WINDOWS\System32\sechost.dll
0x00007ffd26e80000 - 0x00007ffd26fa4000 	C:\WINDOWS\System32\RPCRT4.dll
0x00007ffd29090000 - 0x00007ffd29220000 	C:\WINDOWS\System32\USER32.dll
0x00007ffd25a70000 - 0x00007ffd25a90000 	C:\WINDOWS\System32\win32u.dll
0x00007ffd26c60000 - 0x00007ffd26c88000 	C:\WINDOWS\System32\GDI32.dll
0x00007ffd25c10000 - 0x00007ffd25da2000 	C:\WINDOWS\System32\gdi32full.dll
0x00007ffd25db0000 - 0x00007ffd25e4f000 	C:\WINDOWS\System32\msvcp_win.dll
0x00007ffd25a90000 - 0x00007ffd25b8a000 	C:\WINDOWS\System32\ucrtbase.dll
0x00007ffd17c40000 - 0x00007ffd17ea9000 	C:\WINDOWS\WinSxS\amd64_microsoft.windows.common-controls_6595b64144ccf1df_6.0.17134.112_none_fb3f961b30681c12\COMCTL32.dll
0x00007ffd26fb0000 - 0x00007ffd272d3000 	C:\WINDOWS\System32\combase.dll
0x00007ffd25b90000 - 0x00007ffd25c0a000 	C:\WINDOWS\System32\bcryptPrimitives.dll
0x00007ffd27340000 - 0x00007ffd2736d000 	C:\WINDOWS\System32\IMM32.DLL
0x000000006d810000 - 0x000000006d8e2000 	C:\Program Files\Java\jdk1.8.0_152\jre\bin\msvcr100.dll
0x000000006abc0000 - 0x000000006b460000 	C:\Program Files\Java\jdk1.8.0_152\jre\bin\server\jvm.dll
0x00007ffd26e10000 - 0x00007ffd26e18000 	C:\WINDOWS\System32\PSAPI.DLL
0x00007ffd205e0000 - 0x00007ffd205e9000 	C:\WINDOWS\SYSTEM32\WSOCK32.dll
0x00007ffd27640000 - 0x00007ffd276ac000 	C:\WINDOWS\System32\WS2_32.dll
0x00007ffd1fc50000 - 0x00007ffd1fc73000 	C:\WINDOWS\SYSTEM32\WINMM.dll
0x00007ffd21f30000 - 0x00007ffd21f3a000 	C:\WINDOWS\SYSTEM32\VERSION.dll
0x00007ffd1fc20000 - 0x00007ffd1fc4a000 	C:\WINDOWS\SYSTEM32\WINMMBASE.dll
0x00007ffd26ae0000 - 0x00007ffd26b29000 	C:\WINDOWS\System32\cfgmgr32.dll
0x000000006f3d0000 - 0x000000006f3df000 	C:\Program Files\Java\jdk1.8.0_152\jre\bin\verify.dll
0x000000006f3a0000 - 0x000000006f3c9000 	C:\Program Files\Java\jdk1.8.0_152\jre\bin\java.dll
0x000000006aba0000 - 0x000000006abb6000 	C:\Program Files\Java\jdk1.8.0_152\jre\bin\zip.dll

VM Arguments:
jvm_args: -Djava.awt.headless=true -Xmx1024M -Dfile.encoding=windows-1252 -Duser.country=US -Duser.language=en -Duser.variant 
java_command: com.android.dx.command.Main --dex --num-threads=4 --output D:\WorkCopy\github\React-Native-GoogleMap\android\app\build\intermediates\pre-dexed\debug\com.google.android.gms-play-services-basement-10.2.4_cfa3e948e8f16b15fc12c13bb0dcf26aa637eb35.jar D:\WorkCopy\github\React-Native-GoogleMap\android\app\build\intermediates\exploded-aar\com.google.android.gms\play-services-basement\10.2.4\jars\classes.jar
java_class_path (initial): C:\Users\RoshaNz\AppData\Local\Android\Sdk\build-tools\23.0.1\lib\dx.jar
Launcher Type: SUN_STANDARD

Environment Variables:
JAVA_HOME=C:\Program Files\Java\jdk1.8.0_152
CLASSPATH=D:\WorkCopy\github\React-Native-GoogleMap\android\\gradle\wrapper\gradle-wrapper.jar
PATH=C:\ProgramData\Oracle\Java\javapath;C:\Windows\system32;C:\Windows;C:\Windows\System32\Wbem;C:\Windows\System32\WindowsPowerShell\v1.0\;C:\Program Files (x86)\NVIDIA Corporation\PhysX\Common;C:\xampp\php;C:\ProgramData\ComposerSetup\bin;C:\WINDOWS\system32;C:\WINDOWS;C:\WINDOWS\System32\Wbem;C:\WINDOWS\System32\WindowsPowerShell\v1.0\;"C:\Program Files (x86)\Git\bin;C:\Program Files (x86)\Git\cmd";C:\Program Files\PuTTY\;C:\Program Files (x86)\Skype\Phone\;C:\Program Files\Git\cmd;C:\WINDOWS\System32\OpenSSH\;C:\Program Files\nodejs\;C:\Users\RoshaNz\AppData\Local\Microsoft\WindowsApps;C:\Users\RoshaNz\AppData\Local\GitHubDesktop\bin;C:\Users\RoshaNz\AppData\Local\Android\Sdk\platform-tools;C:\Users\RoshaNz\AppData\Roaming\Composer\vendor\bin;C:\Users\RoshaNz\AppData\Local\Microsoft\WindowsApps;C:\Program Files\Microsoft VS Code\bin;C:\Program Files\Heroku\bin;C:\Users\RoshaNz\AppData\Roaming\npm;
USERNAME=RoshaNz
OS=Windows_NT
PROCESSOR_IDENTIFIER=Intel64 Family 6 Model 158 Stepping 9, GenuineIntel



---------------  S Y S T E M  ---------------

OS: Windows 10.0 , 64 bit Build 17134 (10.0.17134.1)

CPU:total 8 (initial active 8) (4 cores per cpu, 2 threads per core) family 6 model 158 stepping 9, cmov, cx8, fxsr, mmx, sse, sse2, sse3, ssse3, sse4.1, sse4.2, popcnt, avx, avx2, aes, clmul, erms, rtm, 3dnowpref, lzcnt, ht, tsc, tscinvbit, bmi1, bmi2, adx

Memory: 4k page, physical 16682956k(891748k free), swap 32187884k(5756k free)

vm_info: Java HotSpot(TM) 64-Bit Server VM (25.152-b16) for windows-amd64 JRE (1.8.0_152-b16), built on Sep 14 2017 02:29:36 by "java_re" with MS VC++ 10.0 (VS2010)

time: Wed Jul 11 17:39:00 2018
elapsed time: 0 seconds (0d 0h 0m 0s)

